<?xml version="1.0" encoding="UTF-8"?>
<testng-results ignored="0" total="1" passed="1" failed="0" skipped="0">
  <reporter-output>
  </reporter-output>
  <suite started-at="2020-10-16T11:00:04 AEDT" name="Default suite" finished-at="2020-10-16T11:00:31 AEDT" duration-ms="26704">
    <groups>
    </groups>
    <test started-at="2020-10-16T11:00:04 AEDT" name="Default test" finished-at="2020-10-16T11:00:31 AEDT" duration-ms="26704">
      <class name="TravelMoneyCardTest">
        <test-method signature="TravelMoneyCard()[pri:0, instance:TravelMoneyCardTest@1329eff]" started-at="2020-10-16T11:00:04 AEDT" name="TravelMoneyCard" finished-at="2020-10-16T11:00:31 AEDT" duration-ms="26678" status="PASS">
          <reporter-output>
          </reporter-output>
        </test-method> <!-- TravelMoneyCard -->
      </class> <!-- TravelMoneyCardTest -->
    </test> <!-- Default test -->
  </suite> <!-- Default suite -->
</testng-results>
